Libraries NOT loaded:
Libraries loaded:
 Library dynamics_processing
  path: /vendor/lib/soundfx/libdynproc.so
  Dynamics Processing / The Android Open Source Project
    UUID: e0e6539b-1781-7261-676f-6d7573696340
    TYPE: 7261676f-6d75-7369-6364-28e2fd3ac39e
    apiVersion: 00020000
    flags: 00000050
 Library dirac
  path: /system/lib/soundfx/libdirac.so
  DiracSound / Dirac Audio Effect
    UUID: e069d9e0-8329-11df-9168-0002a5d5c51b
    TYPE: f46b26a0-dddd-11db-8afd-0002a5d5c51b
    apiVersion: 00020000
    flags: 03740208
 Library audio_pre_processing
  path: /vendor/lib/soundfx/libqcomvoiceprocessing.so
  Noise Suppression / Qualcomm Fluence
    UUID: 1d97bb0b-9e2f-4403-9ae3-58c2554306f8
    TYPE: 58b4b260-8e06-11e0-aa8e-0002a5d5c51b
    apiVersion: 00020000
    flags: 00420203
  Acoustic Echo Canceler / Qualcomm Fluence
    UUID: 0f8d0d2a-59e5-45fe-b6e4-248c8a799109
    TYPE: 7b491460-8d4d-11e0-bd61-0002a5d5c51b
    apiVersion: 00020000
    flags: 00420203
 Library offload_bundle
  path: /vendor/lib/soundfx/libqcompostprocbundle.so
  (no effects)
 Library proxy
  path: /vendor/lib/soundfx/libeffectproxy.so
  Visualizer / The Android Open Source Project
    UUID: 1d0a1a53-7d5d-48f2-8e71-27fbd10d842c
    TYPE: e46b26a0-dddd-11db-8afd-0002a5d5c51b
    apiVersion: 00020000
    flags: 00400008
  Qualcomm Technologies Insert Preset Reverb / Qualcomm Technologies, Inc.
    UUID: f3e178d2-ebcb-408e-8357-0002a5d5c51b
    TYPE: 47382d60-ddd8-11db-bf3a-0002a5d5c51b
    apiVersion: 00020000
    flags: 00400088
  Qualcomm Technologies Auxiliary Preset Reverb / Qualcomm Technologies, Inc.
    UUID: 1b78f587-6d1c-422e-8b84-0002a5d5c51b
    TYPE: 47382d60-ddd8-11db-bf3a-0002a5d5c51b
    apiVersion: 00020000
    flags: 00400001
  Qualcomm Technologies Insert Environmental Reverb / Qualcomm Technologies, Inc.
    UUID: b707403a-a1c1-4291-9573-0002a5d5c51b
    TYPE: c2e5d5f0-94bd-4763-9cac-4e234d06839e
    apiVersion: 00020000
    flags: 00400088
  Qualcomm Technologies Auxiliary Environmental Reverb / Qualcomm Technologies, Inc.
    UUID: 48404ac9-d202-4ccc-bf84-0002a5d5c51b
    TYPE: c2e5d5f0-94bd-4763-9cac-4e234d06839e
    apiVersion: 00020000
    flags: 00400001
  Equalizer / NXP Software Ltd.
    UUID: c8e70ecd-48ca-456e-8a4f-0002a5d5c51b
    TYPE: 0bed4300-ddd6-11db-8f34-0002a5d5c51b
    apiVersion: 00020000
    flags: 00400048
  Qualcomm Technologies Virtualizer / Qualcomm Technologies, Inc.
    UUID: d3467faa-acc7-4d34-acaf-0002a5d5c51b
    TYPE: 37cc2c00-dddd-11db-8577-0002a5d5c51b
    apiVersion: 00020000
    flags: 00400290
  Qualcomm Technologies Bass Boost / Qualcomm Technologies, Inc.
    UUID: 14804144-a5ee-4d24-aa88-0002a5d5c51b
    TYPE: 0634f220-ddd4-11db-a0fc-0002a5d5c51b
    apiVersion: 00020000
    flags: 00400290
 Library dynamics_processing
  path: /vendor/lib/soundfx/libdynproc.so
  (no effects)
 Library loudness_enhancer
  path: /vendor/lib/soundfx/libldnhncr.so
  Loudness Enhancer / The Android Open Source Project
    UUID: fa415329-2034-4bea-b5dc-5b381c8d1e2c
    TYPE: fe3199be-aed0-413f-87bb-11260eb63cf1
    apiVersion: 00020000
    flags: 00000008
 Library downmix
  path: /vendor/lib/soundfx/libdownmix.so
  Multichannel Downmix To Stereo / The Android Open Source Project
    UUID: 93f04452-e4fe-41cc-91f9-e475b6d1d69f
    TYPE: 381e49cc-a858-4aa2-87f6-e8388e7601b2
    apiVersion: 00020000
    flags: 00000008
 Library visualizer_hw
  path: /vendor/lib/soundfx/libqcomvisualizer.so
  (no effects)
 Library visualizer_sw
  path: /vendor/lib/soundfx/libvisualizer.so
  (no effects)
 Library qcreverb
  path: /vendor/lib/soundfx/libqcreverb.so
  (no effects)
 Library qcvirt
  path: /vendor/lib/soundfx/libqcvirt.so
  (no effects)
 Library qcbassboost
  path: /vendor/lib/soundfx/libqcbassboost.so
  (no effects)
 Library reverb
  path: /vendor/lib/soundfx/libreverbwrapper.so
  (no effects)
 Library bundle
  path: /vendor/lib/soundfx/libbundlewrapper.so
  Volume / NXP Software Ltd.
    UUID: 119341a0-8469-11df-81f9-0002a5d5c51b
    TYPE: 09e8ede0-ddde-11db-b4f6-0002a5d5c51b
    apiVersion: 00020000
    flags: 00000050
Skipped effects
  Dynamics Processing / The Android Open Source Project
    UUID: e0e6539b-1781-7261-676f-6d7573696340
    TYPE: 7261676f-6d75-7369-6364-28e2fd3ac39e
    apiVersion: 00020000
    flags: 00000050
XML effect configuration partially loaded, skipped 2 elements.
Clients:
  pid: 3635
  pid: 4370
Notification Clients:
  pid: 528
  pid: 2457
  pid: 2968
  pid: 3635
  pid: 4370
Global session refs:
  session   pid count
       33  3635     1
       33  2457     1
Hardware status: 0
Standby Time mSec: 3000

Output thread 0xee183180, name AudioOut_D, tid 906, type 0 (MIXER):
  I/O handle: 13
  Standby: yes
  Sample rate: 48000 Hz
  HAL frame count: 192
  HAL format: 0x1 (AUDIO_FORMAT_PCM_16_BIT)
  HAL buffer size: 768 bytes
  Channel count: 2
  Channel mask: 0x00000003 (front-left, front-right)
  Processing format: 0x5 (AUDIO_FORMAT_PCM_FLOAT)
  Processing frame size: 8 bytes
  Pending config events: none
  Output device: 0x4 (AUDIO_DEVICE_OUT_WIRED_HEADSET)
  Input device: 0 (AUDIO_DEVICE_NONE)
  Audio source: 0 (default)
  Normal frame count: 960
  Last write occurred (msecs): 57985
  Total writes: 229
  Delayed writes: 0
  Blocked in write: no
  Suspend count: 0
  Sink buffer : 0xee43c000
  Mixer buffer: 0xee42f000
  Effect buffer: 0xee434000
  Fast track availMask=0xfe
  Standby delay ns=3000000000
  AudioStreamOut: 0xeec2ca00 flags 0x6 (AUDIO_OUTPUT_FLAG_PRIMARY|AUDIO_OUTPUT_FLAG_FAST)
  Frames written: 219840
  Suspended frames: 0
  PipeSink frames written: 219840
  Hal stream dump:
      Signal power history:
       02-14 09:24:22.403: [  -42.6  -39.3  -41.1  -42.1  -43.5  -44.7  -45.3  -46.0  -47.7  -49.0
       02-14 09:24:22.903:    -50.2  -51.9  -53.6  -54.6  -56.2  -59.8  -63.1  -66.1  -69.6  -73.5
       02-14 09:24:23.403:    -77.5  -81.1  -86.7  -91.7 -102.0 ] sum(3.8)
  Thread throttle time (msecs): 0
  AudioMixer tracks: 0 
  Master mono: off
  FastMixer thread 0xee103b80 tid=905  FastMixer command=COLD_IDLE writeSequence=2292 framesWritten=220032
            numTracks=1 writeErrors=0 underruns=0 overruns=0
            sampleRate=48000 frameCount=192 measuredWarmup=93.4 ms, warmupCycles=5
            mixPeriod=4.00 ms
  Simple moving statistics over last 4.6 seconds:
    wall clock time in ms per mix cycle:
      mean=4.00 min=3.56 max=4.44 stddev=0.07
    raw CPU load in us per mix cycle:
      mean=157 min=0 max=302 stddev=46
  Distribution of mix cycle times in ms for the tails (> ~3 stddev outliers):
    left tail: mean=3.56 min=3.56 max=3.56 stddev=nan
    right tail: mean=4.44 min=4.44 max=4.44 stddev=nan
  Fast tracks: sMaxFastTracks=8 activeMask=0x1
  Index Active Full Partial Empty  Recent Ready    Written
      0    yes  117       0     0    full   960     218880
      1     no    0       0     0    full     0          0
      2     no    0       0     0    full     0          0
      3     no    0       0     0    full     0          0
      4     no    0       0     0    full     0          0
      5     no    0       0     0    full     0          0
      6     no    0       0     0    full     0          0
      7     no    0       0     0    full     0          0
  Stream volumes in dB: 0:-10, 1:-27, 2:-20, 3:-37, 4:-14, 5:-20, 6:-inf, 7:-27, 8:-21, 9:-96, 10:-39, 11:0, 12:0
  Normal mixer raw underrun counters: partial=0 empty=0
  1 Tracks of which 0 are active
    T Name Active Client Session S  Flags   Format Chn mask  SRate ST  L dB  R dB  VS dB   Server FrmCnt  FrmRdy F Underruns  Flushed Main Buf  Aux Buf
         0     no   3635      33 S  0x600 00000001 00000001  44100  1     0     0     0  00010E09  12348       0 f         0        0 EE43C000 00000000
  1 Effect Chains
    1 effects for session 0
	In buffer               Out buffer                 Active tracks:
	0xee434000 -> 0xf1718000   0xf1718000 -> 0xee434000   0
	Effect ID 11:
		Session Status State Engine:
		00000   000    000   0xee885330
		Descriptor:
		- UUID: e069d9e0-8329-11df-9168-0002a5d5c51b
		- TYPE: f46b26a0-dddd-11db-8afd-0002a5d5c51b
		- apiVersion: 00000004
		- flags: 03740208 (conn. mode: insert, insert pref: first, volume mgmt: none, device indication: requires updates, input mode: not set, output mode: not set, mode indication: required, source indication: unknown/reserved, offloadable)
		- name: DiracSound
		- implementor: Dirac Audio Effect
		- data: int16
		- Input configuration:
			Buffer     Frames  Smp rate Channels Format
			0xf1718000 00960   48000    00000003      1 (AUDIO_FORMAT_PCM_16_BIT)
		- Output configuration:
			Buffer     Frames  Smp rate Channels Format
			0xf1718000 00960   48000    00000003      1 (AUDIO_FORMAT_PCM_16_BIT)
		- HAL buffers:
			In(0xee434000 -> 0xf1718000) InConversion(0xf1716000) Out(0xf1718000 -> 0xee434000) OutConversion(0xf16c8000)
		1 Clients:
			  Pid Priority Ctrl Locked client server
			 4370        0  yes    yes      0      0
  Local log:
   02-14 08:53:01.212 CFG_EVENT_CREATE_AUDIO_PATCH: old device 0x2 (AUDIO_DEVICE_OUT_SPEAKER) new device 0x2 (AUDIO_DEVICE_OUT_SPEAKER)
   02-14 09:24:00.812 CFG_EVENT_RELEASE_AUDIO_PATCH: old device 0x2 (AUDIO_DEVICE_OUT_SPEAKER) new device 0 (AUDIO_DEVICE_NONE)
   02-14 09:24:22.220 CFG_EVENT_CREATE_AUDIO_PATCH: old device 0 (AUDIO_DEVICE_NONE) new device 0x4 (AUDIO_DEVICE_OUT_WIRED_HEADSET)
   02-14 09:24:22.222 AT::add       (0xec703000)      0     no   3635      33 A  0x000 00000001 00000001  44100  1     0     0     0  00000000  12348       0 f         0        0 EE43C000 00000000
   02-14 09:24:23.949 AT::remove    (0xec703000)      0     no   3635      33 S  0x600 00000001 00000001  44100  1     0     0     0  00010E09  12348       0 f         0        0 EE43C000 00000000
   02-14 09:24:26.879 threadLoop_standby: framesWritten:219840  suspendedFrames:0  monoPipeWritten:219840  monoPipeLeft:768
   02-14 09:24:26.880 threadLoop_standby: BOOTTIME offset 1348675354711
ExtendedTimestamp[0]  position: 0  time: -1
ExtendedTimestamp[1]  position: 219840  time: 546337815310
ExtendedTimestamp[2]  position: 217872  time: 546356889008
ExtendedTimestamp[3]  position: 219840  time: 546337815310
ExtendedTimestamp[4]  position: 217296  time: 546344901248

Output thread 0xede83380, name AudioOut_15, tid 910, type 0 (MIXER):
  I/O handle: 21
  Standby: yes
  Sample rate: 48000 Hz
  HAL frame count: 192
  HAL format: 0x1 (AUDIO_FORMAT_PCM_16_BIT)
  HAL buffer size: 768 bytes
  Channel count: 2
  Channel mask: 0x00000003 (front-left, front-right)
  Processing format: 0x5 (AUDIO_FORMAT_PCM_FLOAT)
  Processing frame size: 8 bytes
  Pending config events: none
  Output device: 0 (AUDIO_DEVICE_NONE)
  Input device: 0 (AUDIO_DEVICE_NONE)
  Audio source: 0 (default)
  Normal frame count: 960
  Last write occurred (msecs): 604326
  Total writes: 0
  Delayed writes: 0
  Blocked in write: no
  Suspend count: 0
  Sink buffer : 0xee429000
  Mixer buffer: 0xee44e000
  Effect buffer: 0xee427000
  Fast track availMask=0xfe
  Standby delay ns=3000000000
  AudioStreamOut: 0xeec2c690 flags 0x104 (AUDIO_OUTPUT_FLAG_FAST|AUDIO_OUTPUT_FLAG_RAW)
  Frames written: 0
  Suspended frames: 0
  PipeSink frames written: 0
  Hal stream dump:
      Signal power history: (none)
  Thread throttle time (msecs): 0
  AudioMixer tracks: 
  Master mono: off
  FastMixer thread 0xede03000 tid=909  FastMixer command=COLD_IDLE writeSequence=0 framesWritten=0
            numTracks=0 writeErrors=0 underruns=0 overruns=0
            sampleRate=0 frameCount=0 measuredWarmup=0 ms, warmupCycles=0
            mixPeriod=nan ms
  No FastMixer statistics available currently
  Fast tracks: sMaxFastTracks=8 activeMask=0
  Index Active Full Partial Empty  Recent Ready    Written
      0     no    0       0     0    full     0          0
      1     no    0       0     0    full     0          0
      2     no    0       0     0    full     0          0
      3     no    0       0     0    full     0          0
      4     no    0       0     0    full     0          0
      5     no    0       0     0    full     0          0
      6     no    0       0     0    full     0          0
      7     no    0       0     0    full     0          0
  Stream volumes in dB: 0:-5.9, 1:-11, 2:-8.7, 3:-37, 4:-4.8, 5:-8.7, 6:-inf, 7:-11, 8:-11, 9:0, 10:-39, 11:0, 12:0
  Normal mixer raw underrun counters: partial=0 empty=0
  0 Tracks
  0 Effect Chains
  Local log:
   02-14 08:53:01.216 CFG_EVENT_CREATE_AUDIO_PATCH: old device 0x2 (AUDIO_DEVICE_OUT_SPEAKER) new device 0x2 (AUDIO_DEVICE_OUT_SPEAKER)
   02-14 09:24:00.819 CFG_EVENT_RELEASE_AUDIO_PATCH: old device 0x2 (AUDIO_DEVICE_OUT_SPEAKER) new device 0 (AUDIO_DEVICE_NONE)

Output thread 0xedb83f40, name AudioOut_1D, tid 911, type 0 (MIXER):
  I/O handle: 29
  Standby: yes
  Sample rate: 48000 Hz
  HAL frame count: 1920
  HAL format: 0x1 (AUDIO_FORMAT_PCM_16_BIT)
  HAL buffer size: 7680 bytes
  Channel count: 2
  Channel mask: 0x00000003 (front-left, front-right)
  Processing format: 0x1 (AUDIO_FORMAT_PCM_16_BIT)
  Processing frame size: 4 bytes
  Pending config events: none
  Output device: 0 (AUDIO_DEVICE_NONE)
  Input device: 0 (AUDIO_DEVICE_NONE)
  Audio source: 0 (default)
  Normal frame count: 1920
  Last write occurred (msecs): 604327
  Total writes: 0
  Delayed writes: 0
  Blocked in write: no
  Suspend count: 0
  Sink buffer : 0xeec54000
  Mixer buffer: 0xee1e9000
  Effect buffer: 0xee1ee000
  Fast track availMask=0xfe
  Standby delay ns=3000000000
  AudioStreamOut: 0xeec2c500 flags 0x8 (AUDIO_OUTPUT_FLAG_DEEP_BUFFER)
  Frames written: 0
  Suspended frames: 0
  Hal stream dump:
      Signal power history: (none)
  Thread throttle time (msecs): 0
  AudioMixer tracks: 
  Master mono: off
  No FastMixer
  Stream volumes in dB: 0:-5.9, 1:-11, 2:-8.7, 3:-37, 4:-4.8, 5:-8.7, 6:-inf, 7:-11, 8:-11, 9:0, 10:-39, 11:0, 12:0
  Normal mixer raw underrun counters: partial=0 empty=0
  0 Tracks
  0 Effect Chains
  Local log:
   02-14 08:53:01.220 CFG_EVENT_CREATE_AUDIO_PATCH: old device 0x2 (AUDIO_DEVICE_OUT_SPEAKER) new device 0x2 (AUDIO_DEVICE_OUT_SPEAKER)
   02-14 09:24:00.826 CFG_EVENT_RELEASE_AUDIO_PATCH: old device 0x2 (AUDIO_DEVICE_OUT_SPEAKER) new device 0 (AUDIO_DEVICE_NONE)

Output thread 0xeda03c00, name AudioOut_25, tid 913, type 0 (MIXER):
  I/O handle: 37
  Standby: yes
  Sample rate: 48000 Hz
  HAL frame count: 768
  HAL format: 0x1 (AUDIO_FORMAT_PCM_16_BIT)
  HAL buffer size: 3072 bytes
  Channel count: 2
  Channel mask: 0x00000003 (front-left, front-right)
  Processing format: 0x5 (AUDIO_FORMAT_PCM_FLOAT)
  Processing frame size: 8 bytes
  Pending config events: none
  Output device: 0 (AUDIO_DEVICE_NONE)
  Input device: 0 (AUDIO_DEVICE_NONE)
  Audio source: 0 (default)
  Normal frame count: 1152
  Last write occurred (msecs): 604328
  Total writes: 0
  Delayed writes: 0
  Blocked in write: no
  Suspend count: 0
  Sink buffer : 0xee403000
  Mixer buffer: 0xeec77000
  Effect buffer: 0xeec79800
  Fast track availMask=0xfe
  Standby delay ns=3000000000
  AudioStreamOut: 0xeec2c640 flags 0 (AUDIO_OUTPUT_FLAG_NONE)
  Frames written: 0
  Suspended frames: 0
  PipeSink frames written: 0
  Hal stream dump:
      Signal power history: (none)
  Thread throttle time (msecs): 0
  AudioMixer tracks: 
  Master mono: off
  FastMixer thread 0xed983400 tid=912  FastMixer command=COLD_IDLE writeSequence=0 framesWritten=0
            numTracks=0 writeErrors=0 underruns=0 overruns=0
            sampleRate=0 frameCount=0 measuredWarmup=0 ms, warmupCycles=0
            mixPeriod=nan ms
  No FastMixer statistics available currently
  Fast tracks: sMaxFastTracks=8 activeMask=0
  Index Active Full Partial Empty  Recent Ready    Written
      0     no    0       0     0    full     0          0
      1     no    0       0     0    full     0          0
      2     no    0       0     0    full     0          0
      3     no    0       0     0    full     0          0
      4     no    0       0     0    full     0          0
      5     no    0       0     0    full     0          0
      6     no    0       0     0    full     0          0
      7     no    0       0     0    full     0          0
  Stream volumes in dB: 0:0, 1:0, 2:0, 3:0, 4:0, 5:0, 6:-inf, 7:0, 8:0, 9:0, 10:0, 11:0, 12:0
  Normal mixer raw underrun counters: partial=0 empty=0
  0 Tracks
  0 Effect Chains
  Local log:
   02-14 08:53:01.226 CFG_EVENT_CREATE_AUDIO_PATCH: old device 0x10000 (AUDIO_DEVICE_OUT_TELEPHONY_TX) new device 0x10000 (AUDIO_DEVICE_OUT_TELEPHONY_TX)
   02-14 09:24:00.834 CFG_EVENT_RELEASE_AUDIO_PATCH: old device 0x10000 (AUDIO_DEVICE_OUT_TELEPHONY_TX) new device 0 (AUDIO_DEVICE_NONE)

USB audio module:
  No output streams.

  No input streams.

Reroute submix audio module:
 route[0] rate in=0 out=0, addr=[]
 route[1] rate in=0 out=0, addr=[]
 route[2] rate in=0 out=0, addr=[]
 route[3] rate in=0 out=0, addr=[]
 route[4] rate in=0 out=0, addr=[]
 route[5] rate in=0 out=0, addr=[]
 route[6] rate in=0 out=0, addr=[]
 route[7] rate in=0 out=0, addr=[]
 route[8] rate in=0 out=0, addr=[]
 route[9] rate in=48000 out=48000, addr=[]
