Libraries NOT loaded:
Libraries loaded:
 Library dirac
  path: /system/lib/soundfx/libdirac.so
  DiracSound / Dirac Audio Effect
    UUID: e069d9e0-8329-11df-9168-0002a5d5c51b
    TYPE: f46b26a0-dddd-11db-8afd-0002a5d5c51b
    apiVersion: 00020000
    flags: 03C40208
 Library audio_pre_processing
  path: /vendor/lib/soundfx/libqcomvoiceprocessing.so
  Noise Suppression / Qualcomm Fluence
    UUID: 1d97bb0b-9e2f-4403-9ae3-58c2554306f8
    TYPE: 58b4b260-8e06-11e0-aa8e-0002a5d5c51b
    apiVersion: 00020000
    flags: 00420203
  Acoustic Echo Canceler / Qualcomm Fluence
    UUID: 0f8d0d2a-59e5-45fe-b6e4-248c8a799109
    TYPE: 7b491460-8d4d-11e0-bd61-0002a5d5c51b
    apiVersion: 00020000
    flags: 00420203
 Library offload_bundle
  path: /vendor/lib/soundfx/libqcompostprocbundle.so
  (no effects)
 Library proxy
  path: /vendor/lib/soundfx/libeffectproxy.so
  Visualizer / The Android Open Source Project
    UUID: 1d0a1a53-7d5d-48f2-8e71-27fbd10d842c
    TYPE: e46b26a0-dddd-11db-8afd-0002a5d5c51b
    apiVersion: 00020000
    flags: 00400008
  Qualcomm Technologies Insert Preset Reverb / Qualcomm Technologies, Inc.
    UUID: f3e178d2-ebcb-408e-8357-0002a5d5c51b
    TYPE: 47382d60-ddd8-11db-bf3a-0002a5d5c51b
    apiVersion: 00020000
    flags: 00400088
  Qualcomm Technologies Auxiliary Preset Reverb / Qualcomm Technologies, Inc.
    UUID: 1b78f587-6d1c-422e-8b84-0002a5d5c51b
    TYPE: 47382d60-ddd8-11db-bf3a-0002a5d5c51b
    apiVersion: 00020000
    flags: 00400001
  Qualcomm Technologies Insert Environmental Reverb / Qualcomm Technologies, Inc.
    UUID: b707403a-a1c1-4291-9573-0002a5d5c51b
    TYPE: c2e5d5f0-94bd-4763-9cac-4e234d06839e
    apiVersion: 00020000
    flags: 00400088
  Qualcomm Technologies Auxiliary Environmental Reverb / Qualcomm Technologies, Inc.
    UUID: 48404ac9-d202-4ccc-bf84-0002a5d5c51b
    TYPE: c2e5d5f0-94bd-4763-9cac-4e234d06839e
    apiVersion: 00020000
    flags: 00400001
  Equalizer / NXP Software Ltd.
    UUID: c8e70ecd-48ca-456e-8a4f-0002a5d5c51b
    TYPE: 0bed4300-ddd6-11db-8f34-0002a5d5c51b
    apiVersion: 00020000
    flags: 00400048
  Qualcomm Technologies Virtualizer / Qualcomm Technologies, Inc.
    UUID: d3467faa-acc7-4d34-acaf-0002a5d5c51b
    TYPE: 37cc2c00-dddd-11db-8577-0002a5d5c51b
    apiVersion: 00020000
    flags: 00400290
  Qualcomm Technologies Bass Boost / Qualcomm Technologies, Inc.
    UUID: 14804144-a5ee-4d24-aa88-0002a5d5c51b
    TYPE: 0634f220-ddd4-11db-a0fc-0002a5d5c51b
    apiVersion: 00020000
    flags: 00400290
 Library dynamics_processing
  path: /vendor/lib/soundfx/libdynproc.so
  Dynamics Processing / The Android Open Source Project
    UUID: e0e6539b-1781-7261-676f-6d7573696340
    TYPE: 7261676f-6d75-7369-6364-28e2fd3ac39e
    apiVersion: 00020000
    flags: 00000050
 Library loudness_enhancer
  path: /vendor/lib/soundfx/libldnhncr.so
  Loudness Enhancer / The Android Open Source Project
    UUID: fa415329-2034-4bea-b5dc-5b381c8d1e2c
    TYPE: fe3199be-aed0-413f-87bb-11260eb63cf1
    apiVersion: 00020000
    flags: 00000008
 Library downmix
  path: /vendor/lib/soundfx/libdownmix.so
  Multichannel Downmix To Stereo / The Android Open Source Project
    UUID: 93f04452-e4fe-41cc-91f9-e475b6d1d69f
    TYPE: 381e49cc-a858-4aa2-87f6-e8388e7601b2
    apiVersion: 00020000
    flags: 00000008
 Library visualizer_hw
  path: /vendor/lib/soundfx/libqcomvisualizer.so
  (no effects)
 Library visualizer_sw
  path: /vendor/lib/soundfx/libvisualizer.so
  (no effects)
 Library qcreverb
  path: /vendor/lib/soundfx/libqcreverb.so
  (no effects)
 Library qcvirt
  path: /vendor/lib/soundfx/libqcvirt.so
  (no effects)
 Library qcbassboost
  path: /vendor/lib/soundfx/libqcbassboost.so
  (no effects)
 Library reverb
  path: /vendor/lib/soundfx/libreverbwrapper.so
  (no effects)
 Library bundle
  path: /vendor/lib/soundfx/libbundlewrapper.so
  Volume / NXP Software Ltd.
    UUID: 119341a0-8469-11df-81f9-0002a5d5c51b
    TYPE: 09e8ede0-ddde-11db-b4f6-0002a5d5c51b
    apiVersion: 00020000
    flags: 00000050
XML effect configuration partially loaded, skipped 1 elements.
Clients:
Notification Clients:
  pid: 589
  pid: 660
  pid: 1372
  pid: 1745
  pid: 2395
Global session refs:
  session   pid count
Hardware status: 0
Standby Time mSec: 3000

Output thread 0xed203b00, name AudioOut_D, tid 1107, type 0 (MIXER):
  I/O handle: 13
  Standby: yes
  Sample rate: 48000 Hz
  HAL frame count: 192
  HAL format: 0x1 (AUDIO_FORMAT_PCM_16_BIT)
  HAL buffer size: 768 bytes
  Channel count: 2
  Channel mask: 0x00000003 (front-left, front-right)
  Processing format: 0x5 (AUDIO_FORMAT_PCM_FLOAT)
  Processing frame size: 8 bytes
  Pending config events: none
  Output device: 0x2 (AUDIO_DEVICE_OUT_SPEAKER)
  Input device: 0 (AUDIO_DEVICE_NONE)
  Audio source: 0 (default)
  Normal frame count: 960
  Last write occurred (msecs): 194904
  Total writes: 221
  Delayed writes: 0
  Blocked in write: no
  Suspend count: 0
  Sink buffer : 0xed4ce000
  Mixer buffer: 0xed4b4000
  Effect buffer: 0xed4bc000
  Fast track availMask=0xfe
  Standby delay ns=3000000000
  AudioStreamOut: 0xedcaca00 flags 0x6 (AUDIO_OUTPUT_FLAG_PRIMARY|AUDIO_OUTPUT_FLAG_FAST)
  Frames written: 212160
  Suspended frames: 0
  PipeSink frames written: 212160
  Hal stream dump:
  Thread throttle time (msecs): 0
  AudioMixer tracks: 
  Master mono: off
  FastMixer thread 0xed183c00 tid=1106  FastMixer command=COLD_IDLE writeSequence=2212 framesWritten=212352
            numTracks=1 writeErrors=0 underruns=0 overruns=0
            sampleRate=48000 frameCount=192 measuredWarmup=68.3 ms, warmupCycles=5
            mixPeriod=4.00 ms
  Simple moving statistics over last 4.4 seconds:
    wall clock time in ms per mix cycle:
      mean=4.00 min=3.07 max=5.01 stddev=0.17
    raw CPU load in us per mix cycle:
      mean=117 min=0 max=356 stddev=36
  Distribution of mix cycle times in ms for the tails (> ~3 stddev outliers):
    left tail: mean=3.07 min=3.07 max=3.07 stddev=nan
    right tail: mean=5.01 min=5.01 max=5.01 stddev=nan
  Fast tracks: sMaxFastTracks=8 activeMask=0x1
  Index Active Full Partial Empty  Recent Ready    Written
      0    yes   77       0     0    full   960     211200
      1     no    0       0     0    full     0          0
      2     no    0       0     0    full     0          0
      3     no    0       0     0    full     0          0
      4     no    0       0     0    full     0          0
      5     no    0       0     0    full     0          0
      6     no    0       0     0    full     0          0
      7     no    0       0     0    full     0          0
  Stream volumes in dB: 0:-24, 1:-11, 2:-inf, 3:-inf, 4:-30, 5:-inf, 6:-inf, 7:-inf, 8:-inf, 9:0, 10:-58, 11:0, 12:0
  Normal mixer raw underrun counters: partial=0 empty=0
  0 Tracks
  0 Effect Chains
  Local log:
   02-28 10:14:48.115 CFG_EVENT_CREATE_AUDIO_PATCH: old device 0x2 (AUDIO_DEVICE_OUT_SPEAKER) new device 0x2 (AUDIO_DEVICE_OUT_SPEAKER)
   02-28 10:15:23.697 AT::add       (0xedceff00)      0     no   1372      17 A  0x000 00000001 00000001  48000  1     0     0     0  00000000  13440       0 f         0        0 ED4CE000 00000000
   02-28 10:15:23.724 AT::add       (0xedcefc80)      1     no   1372      33 A  0x000 00000001 00000001  48000  1     0     0     0  00000000  13440       0 f         0        0 ED4CE000 00000000
   02-28 10:15:25.219 AT::remove    (0xedceff00)      0     no   1372      17 S  0x601 00000001 00000001  48000  1     0     0     0  00010360  13440       0 f       962        0 ED4CE000 00000000
   02-28 10:15:25.239 AT::remove    (0xedcefc80)      1     no   1372      33 S  0x600 00000001 00000001  48000  1     0     0     0  00010360  13440       0 f         0        0 ED4CE000 00000000
   02-28 10:15:28.168 threadLoop_standby: framesWritten:212160  suspendedFrames:0  monoPipeWritten:212160  monoPipeLeft:768
   02-28 10:15:28.169 threadLoop_standby: BOOTTIME offset 0
ExtendedTimestamp[0]  position: 0  time: -1
ExtendedTimestamp[1]  position: 212160  time: 54660363567
ExtendedTimestamp[2]  position: 210192  time: 54678944819
ExtendedTimestamp[3]  position: 212160  time: 54660363567
ExtendedTimestamp[4]  position: 209616  time: 54666943724
   02-28 10:15:39.137 removeTrack_l (0xedcefc80)      1     no   1372      33 T  0x600 00000001 00000001  48000  1     0     0     0  00010360  13440       0 f         0        0 ED4CE000 00000000
   02-28 10:15:39.149 removeTrack_l (0xedceff00)      0     no   1372      17 T  0x601 00000001 00000001  48000  1     0     0     0  00010360  13440       0 f       962        0 ED4CE000 00000000

Output thread 0xecf03100, name AudioOut_15, tid 1109, type 0 (MIXER):
  I/O handle: 21
  Standby: yes
  Sample rate: 48000 Hz
  HAL frame count: 192
  HAL format: 0x1 (AUDIO_FORMAT_PCM_16_BIT)
  HAL buffer size: 768 bytes
  Channel count: 2
  Channel mask: 0x00000003 (front-left, front-right)
  Processing format: 0x5 (AUDIO_FORMAT_PCM_FLOAT)
  Processing frame size: 8 bytes
  Pending config events: none
  Output device: 0x2 (AUDIO_DEVICE_OUT_SPEAKER)
  Input device: 0 (AUDIO_DEVICE_NONE)
  Audio source: 0 (default)
  Normal frame count: 960
  Last write occurred (msecs): 249567
  Total writes: 0
  Delayed writes: 0
  Blocked in write: no
  Suspend count: 0
  Sink buffer : 0xedcd4000
  Mixer buffer: 0xed4a7000
  Effect buffer: 0xed4a9000
  Fast track availMask=0xfe
  Standby delay ns=3000000000
  AudioStreamOut: 0xedcac690 flags 0x104 (AUDIO_OUTPUT_FLAG_FAST|AUDIO_OUTPUT_FLAG_RAW)
  Frames written: 0
  Suspended frames: 0
  PipeSink frames written: 0
  Hal stream dump:
  Thread throttle time (msecs): 0
  AudioMixer tracks: 
  Master mono: off
  FastMixer thread 0xece83480 tid=1108  FastMixer command=COLD_IDLE writeSequence=0 framesWritten=0
            numTracks=0 writeErrors=0 underruns=0 overruns=0
            sampleRate=0 frameCount=0 measuredWarmup=0 ms, warmupCycles=0
            mixPeriod=nan ms
  No FastMixer statistics available currently
  Fast tracks: sMaxFastTracks=8 activeMask=0
  Index Active Full Partial Empty  Recent Ready    Written
      0     no    0       0     0    full     0          0
      1     no    0       0     0    full     0          0
      2     no    0       0     0    full     0          0
      3     no    0       0     0    full     0          0
      4     no    0       0     0    full     0          0
      5     no    0       0     0    full     0          0
      6     no    0       0     0    full     0          0
      7     no    0       0     0    full     0          0
  Stream volumes in dB: 0:-24, 1:-inf, 2:-inf, 3:-inf, 4:-30, 5:-inf, 6:-inf, 7:-inf, 8:-inf, 9:0, 10:-58, 11:0, 12:0
  Normal mixer raw underrun counters: partial=0 empty=0
  0 Tracks
  0 Effect Chains
  Local log:
   02-28 10:14:48.119 CFG_EVENT_CREATE_AUDIO_PATCH: old device 0x2 (AUDIO_DEVICE_OUT_SPEAKER) new device 0x2 (AUDIO_DEVICE_OUT_SPEAKER)

Output thread 0xecc03200, name AudioOut_1D, tid 1110, type 0 (MIXER):
  I/O handle: 29
  Standby: yes
  Sample rate: 48000 Hz
  HAL frame count: 1920
  HAL format: 0x1 (AUDIO_FORMAT_PCM_16_BIT)
  HAL buffer size: 7680 bytes
  Channel count: 2
  Channel mask: 0x00000003 (front-left, front-right)
  Processing format: 0x1 (AUDIO_FORMAT_PCM_16_BIT)
  Processing frame size: 4 bytes
  Pending config events: none
  Output device: 0x2 (AUDIO_DEVICE_OUT_SPEAKER)
  Input device: 0 (AUDIO_DEVICE_NONE)
  Audio source: 0 (default)
  Normal frame count: 1920
  Last write occurred (msecs): 118850
  Total writes: 164
  Delayed writes: 0
  Blocked in write: no
  Suspend count: 0
  Sink buffer : 0xedcd6000
  Mixer buffer: 0xed25b000
  Effect buffer: 0xed260000
  Fast track availMask=0xfe
  Standby delay ns=3000000000
  AudioStreamOut: 0xedcac500 flags 0x8 (AUDIO_OUTPUT_FLAG_DEEP_BUFFER)
  Frames written: 314880
  Suspended frames: 0
  Hal stream dump:
  Thread throttle time (msecs): 80
  AudioMixer tracks: 
  Master mono: off
  No FastMixer
  Stream volumes in dB: 0:-24, 1:-inf, 2:-inf, 3:-24, 4:-30, 5:-inf, 6:-inf, 7:-inf, 8:-inf, 9:0, 10:-58, 11:0, 12:0
  Normal mixer raw underrun counters: partial=0 empty=0
  0 Tracks
  0 Effect Chains
  Local log:
   02-28 10:14:48.123 CFG_EVENT_CREATE_AUDIO_PATCH: old device 0x2 (AUDIO_DEVICE_OUT_SPEAKER) new device 0x2 (AUDIO_DEVICE_OUT_SPEAKER)
   02-28 10:16:35.783 AT::add       (0xec172000)      0     no   6263      57 A  0x000 00000001 00000001  44100  3     0     0     0  00000000  12348       0 f         0        0 EDCD6000 00000000
   02-28 10:16:36.170 AT::remove    (0xec172000)      0     no   6263      57 T  0x601 00000001 00000001  44100  3     0     0     0  00002B11  12348   12348 f      1768        0 EDCD6000 00000000
   02-28 10:16:36.170 removeTrack_l (0xec172000)      0     no   6263      57 T  0x601 00000001 00000001  44100  3     0     0     0  00002B11  12348   12348 f      1768        0 EDCD6000 00000000
   02-28 10:16:40.987 AT::add       (0xedcefa00)      0     no   6263      73 A  0x000 00000001 00000001  44100  3     0     0     0  00000000  12348       0 f         0        0 EDCD6000 00000000
   02-28 10:16:41.386 AT::remove    (0xedcefa00)      0     no   6263      73 T  0x601 00000001 00000001  44100  3     0     0     0  00002B11  12348   12348 f      1768        0 EDCD6000 00000000
   02-28 10:16:41.386 removeTrack_l (0xedcefa00)      0     no   6263      73 T  0x601 00000001 00000001  44100  3     0     0     0  00002B11  12348   12348 f      1768        0 EDCD6000 00000000

Output thread 0xeca83100, name AudioOut_25, tid 1112, type 0 (MIXER):
  I/O handle: 37
  Standby: yes
  Sample rate: 48000 Hz
  HAL frame count: 768
  HAL format: 0x1 (AUDIO_FORMAT_PCM_16_BIT)
  HAL buffer size: 3072 bytes
  Channel count: 2
  Channel mask: 0x00000003 (front-left, front-right)
  Processing format: 0x5 (AUDIO_FORMAT_PCM_FLOAT)
  Processing frame size: 8 bytes
  Pending config events: none
  Output device: 0x10000 (AUDIO_DEVICE_OUT_TELEPHONY_TX)
  Input device: 0 (AUDIO_DEVICE_NONE)
  Audio source: 0 (default)
  Normal frame count: 1152
  Last write occurred (msecs): 249570
  Total writes: 0
  Delayed writes: 0
  Blocked in write: no
  Suspend count: 0
  Sink buffer : 0xedcf9000
  Mixer buffer: 0xedcf4000
  Effect buffer: 0xedcf6800
  Fast track availMask=0xfe
  Standby delay ns=3000000000
  AudioStreamOut: 0xedcac640 flags 0 (AUDIO_OUTPUT_FLAG_NONE)
  Frames written: 0
  Suspended frames: 0
  PipeSink frames written: 0
  Hal stream dump:
  Thread throttle time (msecs): 0
  AudioMixer tracks: 
  Master mono: off
  FastMixer thread 0xeca03280 tid=1111  FastMixer command=COLD_IDLE writeSequence=0 framesWritten=0
            numTracks=0 writeErrors=0 underruns=0 overruns=0
            sampleRate=0 frameCount=0 measuredWarmup=0 ms, warmupCycles=0
            mixPeriod=nan ms
  No FastMixer statistics available currently
  Fast tracks: sMaxFastTracks=8 activeMask=0
  Index Active Full Partial Empty  Recent Ready    Written
      0     no    0       0     0    full     0          0
      1     no    0       0     0    full     0          0
      2     no    0       0     0    full     0          0
      3     no    0       0     0    full     0          0
      4     no    0       0     0    full     0          0
      5     no    0       0     0    full     0          0
      6     no    0       0     0    full     0          0
      7     no    0       0     0    full     0          0
  Stream volumes in dB: 0:0, 1:0, 2:0, 3:0, 4:0, 5:0, 6:-inf, 7:0, 8:0, 9:0, 10:0, 11:0, 12:0
  Normal mixer raw underrun counters: partial=0 empty=0
  0 Tracks
  0 Effect Chains
  Local log:
   02-28 10:14:48.127 CFG_EVENT_CREATE_AUDIO_PATCH: old device 0x10000 (AUDIO_DEVICE_OUT_TELEPHONY_TX) new device 0x10000 (AUDIO_DEVICE_OUT_TELEPHONY_TX)

USB audio module:
  No output streams.

  No input streams.

Reroute submix audio module:
 route[0] rate in=0 out=0, addr=[]
 route[1] rate in=0 out=0, addr=[]
 route[2] rate in=0 out=0, addr=[]
 route[3] rate in=0 out=0, addr=[]
 route[4] rate in=0 out=0, addr=[]
 route[5] rate in=0 out=0, addr=[]
 route[6] rate in=0 out=0, addr=[]
 route[7] rate in=0 out=0, addr=[]
 route[8] rate in=0 out=0, addr=[]
 route[9] rate in=48000 out=48000, addr=[]
