Libraries NOT loaded:
Libraries loaded:
 Library audio_pre_processing
  path: /vendor/lib/soundfx/libqcomvoiceprocessing.so
  Noise Suppression / Qualcomm Fluence
    UUID: 1d97bb0b-9e2f-4403-9ae3-58c2554306f8
    TYPE: 58b4b260-8e06-11e0-aa8e-0002a5d5c51b
    apiVersion: 00020000
    flags: 00420203
  Acoustic Echo Canceler / Qualcomm Fluence
    UUID: 0f8d0d2a-59e5-45fe-b6e4-248c8a799109
    TYPE: 7b491460-8d4d-11e0-bd61-0002a5d5c51b
    apiVersion: 00020000
    flags: 00420203
 Library offload_bundle
  path: /vendor/lib/soundfx/libqcompostprocbundle.so
  (no effects)
 Library proxy
  path: /vendor/lib/soundfx/libeffectproxy.so
  Visualizer / The Android Open Source Project
    UUID: 1d0a1a53-7d5d-48f2-8e71-27fbd10d842c
    TYPE: e46b26a0-dddd-11db-8afd-0002a5d5c51b
    apiVersion: 00020000
    flags: 00400008
  Qualcomm Technologies Insert Preset Reverb / Qualcomm Technologies, Inc.
    UUID: f3e178d2-ebcb-408e-8357-0002a5d5c51b
    TYPE: 47382d60-ddd8-11db-bf3a-0002a5d5c51b
    apiVersion: 00020000
    flags: 00400088
  Qualcomm Technologies Auxiliary Preset Reverb / Qualcomm Technologies, Inc.
    UUID: 1b78f587-6d1c-422e-8b84-0002a5d5c51b
    TYPE: 47382d60-ddd8-11db-bf3a-0002a5d5c51b
    apiVersion: 00020000
    flags: 00400001
  Qualcomm Technologies Insert Environmental Reverb / Qualcomm Technologies, Inc.
    UUID: b707403a-a1c1-4291-9573-0002a5d5c51b
    TYPE: c2e5d5f0-94bd-4763-9cac-4e234d06839e
    apiVersion: 00020000
    flags: 00400088
  Qualcomm Technologies Auxiliary Environmental Reverb / Qualcomm Technologies, Inc.
    UUID: 48404ac9-d202-4ccc-bf84-0002a5d5c51b
    TYPE: c2e5d5f0-94bd-4763-9cac-4e234d06839e
    apiVersion: 00020000
    flags: 00400001
  Equalizer / NXP Software Ltd.
    UUID: c8e70ecd-48ca-456e-8a4f-0002a5d5c51b
    TYPE: 0bed4300-ddd6-11db-8f34-0002a5d5c51b
    apiVersion: 00020000
    flags: 00400048
  Qualcomm Technologies Virtualizer / Qualcomm Technologies, Inc.
    UUID: d3467faa-acc7-4d34-acaf-0002a5d5c51b
    TYPE: 37cc2c00-dddd-11db-8577-0002a5d5c51b
    apiVersion: 00020000
    flags: 00400290
  Qualcomm Technologies Bass Boost / Qualcomm Technologies, Inc.
    UUID: 14804144-a5ee-4d24-aa88-0002a5d5c51b
    TYPE: 0634f220-ddd4-11db-a0fc-0002a5d5c51b
    apiVersion: 00020000
    flags: 00400290
 Library dynamics_processing
  path: /vendor/lib/soundfx/libdynproc.so
  Dynamics Processing / The Android Open Source Project
    UUID: e0e6539b-1781-7261-676f-6d7573696340
    TYPE: 7261676f-6d75-7369-6364-28e2fd3ac39e
    apiVersion: 00020000
    flags: 00000050
 Library loudness_enhancer
  path: /vendor/lib/soundfx/libldnhncr.so
  Loudness Enhancer / The Android Open Source Project
    UUID: fa415329-2034-4bea-b5dc-5b381c8d1e2c
    TYPE: fe3199be-aed0-413f-87bb-11260eb63cf1
    apiVersion: 00020000
    flags: 00000008
 Library downmix
  path: /vendor/lib/soundfx/libdownmix.so
  Multichannel Downmix To Stereo / The Android Open Source Project
    UUID: 93f04452-e4fe-41cc-91f9-e475b6d1d69f
    TYPE: 381e49cc-a858-4aa2-87f6-e8388e7601b2
    apiVersion: 00020000
    flags: 00000008
 Library visualizer_hw
  path: /vendor/lib/soundfx/libqcomvisualizer.so
  (no effects)
 Library visualizer_sw
  path: /vendor/lib/soundfx/libvisualizer.so
  (no effects)
 Library qcreverb
  path: /vendor/lib/soundfx/libqcreverb.so
  (no effects)
 Library qcvirt
  path: /vendor/lib/soundfx/libqcvirt.so
  (no effects)
 Library qcbassboost
  path: /vendor/lib/soundfx/libqcbassboost.so
  (no effects)
 Library reverb
  path: /vendor/lib/soundfx/libreverbwrapper.so
  (no effects)
 Library bundle
  path: /vendor/lib/soundfx/libbundlewrapper.so
  Volume / NXP Software Ltd.
    UUID: 119341a0-8469-11df-81f9-0002a5d5c51b
    TYPE: 09e8ede0-ddde-11db-b4f6-0002a5d5c51b
    apiVersion: 00020000
    flags: 00000050
XML effect configuration partially loaded, skipped 1 elements.
Clients:
  pid: 7202
Notification Clients:
  pid: 523
  pid: 2968
  pid: 3414
  pid: 7202
Global session refs:
  session   pid count
       17  7202     1
Hardware status: 0
Standby Time mSec: 3000

Output thread 0xf1603480, name AudioOut_D, tid 971, type 0 (MIXER):
  I/O handle: 13
  Standby: yes
  Sample rate: 48000 Hz
  HAL frame count: 192
  HAL format: 0x1 (AUDIO_FORMAT_PCM_16_BIT)
  HAL buffer size: 768 bytes
  Channel count: 2
  Channel mask: 0x00000003 (front-left, front-right)
  Processing format: 0x5 (AUDIO_FORMAT_PCM_FLOAT)
  Processing frame size: 8 bytes
  Pending config events: none
  Output device: 0 (AUDIO_DEVICE_NONE)
  Input device: 0 (AUDIO_DEVICE_NONE)
  Audio source: 0 (default)
  Normal frame count: 960
  Last write occurred (msecs): 195290
  Total writes: 0
  Delayed writes: 0
  Blocked in write: no
  Suspend count: 0
  Sink buffer : 0xf18bc000
  Mixer buffer: 0xf18af000
  Effect buffer: 0xf18b4000
  Fast track availMask=0xfe
  Standby delay ns=3000000000
  AudioStreamOut: 0xf20aca00 flags 0x6 (AUDIO_OUTPUT_FLAG_PRIMARY|AUDIO_OUTPUT_FLAG_FAST)
  Frames written: 0
  Suspended frames: 0
  PipeSink frames written: 0
  Hal stream dump:
      Signal power history: (none)
  Thread throttle time (msecs): 0
  AudioMixer tracks: 
  Master mono: off
  FastMixer thread 0xf15835c0 tid=970  FastMixer command=COLD_IDLE writeSequence=0 framesWritten=0
            numTracks=0 writeErrors=0 underruns=0 overruns=0
            sampleRate=0 frameCount=0 measuredWarmup=0 ms, warmupCycles=0
            mixPeriod=nan ms
  No FastMixer statistics available currently
  Fast tracks: sMaxFastTracks=8 activeMask=0
  Index Active Full Partial Empty  Recent Ready    Written
      0     no    0       0     0    full     0          0
      1     no    0       0     0    full     0          0
      2     no    0       0     0    full     0          0
      3     no    0       0     0    full     0          0
      4     no    0       0     0    full     0          0
      5     no    0       0     0    full     0          0
      6     no    0       0     0    full     0          0
      7     no    0       0     0    full     0          0
  Stream volumes in dB: 0:-5.9, 1:-11, 2:-8.7, 3:-33, 4:-4.8, 5:-8.7, 6:-inf, 7:-11, 8:-11, 9:0, 10:-35, 11:0, 12:0
  Normal mixer raw underrun counters: partial=0 empty=0
  0 Tracks
  0 Effect Chains
  Local log:
   02-14 09:36:04.465 CFG_EVENT_CREATE_AUDIO_PATCH: old device 0x2 (AUDIO_DEVICE_OUT_SPEAKER) new device 0x2 (AUDIO_DEVICE_OUT_SPEAKER)
   02-14 09:36:09.743 CFG_EVENT_RELEASE_AUDIO_PATCH: old device 0x2 (AUDIO_DEVICE_OUT_SPEAKER) new device 0 (AUDIO_DEVICE_NONE)

Output thread 0xf1303180, name AudioOut_15, tid 975, type 0 (MIXER):
  I/O handle: 21
  Standby: yes
  Sample rate: 48000 Hz
  HAL frame count: 192
  HAL format: 0x1 (AUDIO_FORMAT_PCM_16_BIT)
  HAL buffer size: 768 bytes
  Channel count: 2
  Channel mask: 0x00000003 (front-left, front-right)
  Processing format: 0x5 (AUDIO_FORMAT_PCM_FLOAT)
  Processing frame size: 8 bytes
  Pending config events: none
  Output device: 0 (AUDIO_DEVICE_NONE)
  Input device: 0 (AUDIO_DEVICE_NONE)
  Audio source: 0 (default)
  Normal frame count: 960
  Last write occurred (msecs): 195291
  Total writes: 0
  Delayed writes: 0
  Blocked in write: no
  Suspend count: 0
  Sink buffer : 0xf18a9000
  Mixer buffer: 0xf18ce000
  Effect buffer: 0xf18a7000
  Fast track availMask=0xfe
  Standby delay ns=3000000000
  AudioStreamOut: 0xf20ac690 flags 0x104 (AUDIO_OUTPUT_FLAG_FAST|AUDIO_OUTPUT_FLAG_RAW)
  Frames written: 0
  Suspended frames: 0
  PipeSink frames written: 0
  Hal stream dump:
      Signal power history: (none)
  Thread throttle time (msecs): 0
  AudioMixer tracks: 
  Master mono: off
  FastMixer thread 0xf1283640 tid=974  FastMixer command=COLD_IDLE writeSequence=0 framesWritten=0
            numTracks=0 writeErrors=0 underruns=0 overruns=0
            sampleRate=0 frameCount=0 measuredWarmup=0 ms, warmupCycles=0
            mixPeriod=nan ms
  No FastMixer statistics available currently
  Fast tracks: sMaxFastTracks=8 activeMask=0
  Index Active Full Partial Empty  Recent Ready    Written
      0     no    0       0     0    full     0          0
      1     no    0       0     0    full     0          0
      2     no    0       0     0    full     0          0
      3     no    0       0     0    full     0          0
      4     no    0       0     0    full     0          0
      5     no    0       0     0    full     0          0
      6     no    0       0     0    full     0          0
      7     no    0       0     0    full     0          0
  Stream volumes in dB: 0:-5.9, 1:-11, 2:-8.7, 3:-33, 4:-4.8, 5:-8.7, 6:-inf, 7:-11, 8:-11, 9:0, 10:-35, 11:0, 12:0
  Normal mixer raw underrun counters: partial=0 empty=0
  0 Tracks
  0 Effect Chains
  Local log:
   02-14 09:36:04.469 CFG_EVENT_CREATE_AUDIO_PATCH: old device 0x2 (AUDIO_DEVICE_OUT_SPEAKER) new device 0x2 (AUDIO_DEVICE_OUT_SPEAKER)
   02-14 09:36:09.744 CFG_EVENT_RELEASE_AUDIO_PATCH: old device 0x2 (AUDIO_DEVICE_OUT_SPEAKER) new device 0 (AUDIO_DEVICE_NONE)

Output thread 0xf1003a80, name AudioOut_1D, tid 976, type 0 (MIXER):
  I/O handle: 29
  Standby: yes
  Sample rate: 48000 Hz
  HAL frame count: 1920
  HAL format: 0x1 (AUDIO_FORMAT_PCM_16_BIT)
  HAL buffer size: 7680 bytes
  Channel count: 2
  Channel mask: 0x00000003 (front-left, front-right)
  Processing format: 0x1 (AUDIO_FORMAT_PCM_16_BIT)
  Processing frame size: 4 bytes
  Pending config events: none
  Output device: 0x4 (AUDIO_DEVICE_OUT_WIRED_HEADSET)
  Input device: 0 (AUDIO_DEVICE_NONE)
  Audio source: 0 (default)
  Normal frame count: 1920
  Last write occurred (msecs): 10046
  Total writes: 163
  Delayed writes: 0
  Blocked in write: no
  Suspend count: 0
  Sink buffer : 0xf20d4000
  Mixer buffer: 0xf1669000
  Effect buffer: 0xf166e000
  Fast track availMask=0xfe
  Standby delay ns=3000000000
  AudioStreamOut: 0xf20ac500 flags 0x8 (AUDIO_OUTPUT_FLAG_DEEP_BUFFER)
  Frames written: 312960
  Suspended frames: 0
  Hal stream dump:
      Signal power history: (none)
  Thread throttle time (msecs): 79
  AudioMixer tracks: 
  Master mono: off
  No FastMixer
  Stream volumes in dB: 0:-10, 1:-36, 2:-36, 3:-inf, 4:-36, 5:-36, 6:-inf, 7:-36, 8:-21, 9:0, 10:-58, 11:0, 12:0
  Normal mixer raw underrun counters: partial=0 empty=0
  0 Tracks
  0 Effect Chains
  Local log:
   02-14 09:36:04.471 CFG_EVENT_CREATE_AUDIO_PATCH: old device 0x2 (AUDIO_DEVICE_OUT_SPEAKER) new device 0x2 (AUDIO_DEVICE_OUT_SPEAKER)
   02-14 09:36:09.746 CFG_EVENT_RELEASE_AUDIO_PATCH: old device 0x2 (AUDIO_DEVICE_OUT_SPEAKER) new device 0 (AUDIO_DEVICE_NONE)
   02-14 09:38:50.378 CFG_EVENT_CREATE_AUDIO_PATCH: old device 0 (AUDIO_DEVICE_NONE) new device 0x4 (AUDIO_DEVICE_OUT_WIRED_HEADSET)
   02-14 09:38:50.605 AT::add       (0xf20f3400)      0     no   7202      25 A  0x000 00000001 00000001  44100  3     0     0     0  00000000  12348       0 f         0        0 F20D4000 00000000
   02-14 09:38:50.992 AT::remove    (0xf20f3400)      0     no   7202      25 T  0x600 00000001 00000001  44100  3     0     0     0  00002958  12348       0 f         0      441 F20D4000 00000000
   02-14 09:38:50.992 removeTrack_l (0xf20f3400)      0     no   7202      25 T  0x600 00000001 00000001  44100  3     0     0     0  00002958  12348       0 f         0      441 F20D4000 00000000
   02-14 09:38:54.918 AT::add       (0xf036a000)      0     no   7202      41 A  0x000 00000001 00000001  44100  3     0     0     0  00000000  12348       0 f         0        0 F20D4000 00000000
   02-14 09:38:55.307 AT::remove    (0xf036a000)      0     no   7202      41 T  0x600 00000001 00000001  44100  3     0     0     0  00002958  12348   12348 f         0        0 F20D4000 00000000
   02-14 09:38:55.307 removeTrack_l (0xf036a000)      0     no   7202      41 T  0x600 00000001 00000001  44100  3     0     0     0  00002958  12348   12348 f         0        0 F20D4000 00000000

Output thread 0xf0e83600, name AudioOut_25, tid 978, type 0 (MIXER):
  I/O handle: 37
  Standby: yes
  Sample rate: 48000 Hz
  HAL frame count: 768
  HAL format: 0x1 (AUDIO_FORMAT_PCM_16_BIT)
  HAL buffer size: 3072 bytes
  Channel count: 2
  Channel mask: 0x00000003 (front-left, front-right)
  Processing format: 0x5 (AUDIO_FORMAT_PCM_FLOAT)
  Processing frame size: 8 bytes
  Pending config events: none
  Output device: 0 (AUDIO_DEVICE_NONE)
  Input device: 0 (AUDIO_DEVICE_NONE)
  Audio source: 0 (default)
  Normal frame count: 1152
  Last write occurred (msecs): 195293
  Total writes: 0
  Delayed writes: 0
  Blocked in write: no
  Suspend count: 0
  Sink buffer : 0xf1883000
  Mixer buffer: 0xf20f7000
  Effect buffer: 0xf20f9800
  Fast track availMask=0xfe
  Standby delay ns=3000000000
  AudioStreamOut: 0xf20ac640 flags 0 (AUDIO_OUTPUT_FLAG_NONE)
  Frames written: 0
  Suspended frames: 0
  PipeSink frames written: 0
  Hal stream dump:
      Signal power history: (none)
  Thread throttle time (msecs): 0
  AudioMixer tracks: 
  Master mono: off
  FastMixer thread 0xf0e03840 tid=977  FastMixer command=COLD_IDLE writeSequence=0 framesWritten=0
            numTracks=0 writeErrors=0 underruns=0 overruns=0
            sampleRate=0 frameCount=0 measuredWarmup=0 ms, warmupCycles=0
            mixPeriod=nan ms
  No FastMixer statistics available currently
  Fast tracks: sMaxFastTracks=8 activeMask=0
  Index Active Full Partial Empty  Recent Ready    Written
      0     no    0       0     0    full     0          0
      1     no    0       0     0    full     0          0
      2     no    0       0     0    full     0          0
      3     no    0       0     0    full     0          0
      4     no    0       0     0    full     0          0
      5     no    0       0     0    full     0          0
      6     no    0       0     0    full     0          0
      7     no    0       0     0    full     0          0
  Stream volumes in dB: 0:0, 1:0, 2:0, 3:0, 4:0, 5:0, 6:-inf, 7:0, 8:0, 9:0, 10:0, 11:0, 12:0
  Normal mixer raw underrun counters: partial=0 empty=0
  0 Tracks
  0 Effect Chains
  Local log:
   02-14 09:36:04.474 CFG_EVENT_CREATE_AUDIO_PATCH: old device 0x10000 (AUDIO_DEVICE_OUT_TELEPHONY_TX) new device 0x10000 (AUDIO_DEVICE_OUT_TELEPHONY_TX)
   02-14 09:36:09.747 CFG_EVENT_RELEASE_AUDIO_PATCH: old device 0x10000 (AUDIO_DEVICE_OUT_TELEPHONY_TX) new device 0 (AUDIO_DEVICE_NONE)

Output thread 0xf0bc4000, name AudioOut_4D, tid 7240, type 1 (DIRECT):
  I/O handle: 77
  Standby: no
  Sample rate: 96000 Hz
  HAL frame count: 3840
  HAL format: 0x6 (AUDIO_FORMAT_PCM_24_BIT_PACKED)
  HAL buffer size: 23040 bytes
  Channel count: 2
  Channel mask: 0x00000003 (front-left, front-right)
  Processing format: 0x6 (AUDIO_FORMAT_PCM_24_BIT_PACKED)
  Processing frame size: 6 bytes
  Pending config events: none
  Output device: 0x4 (AUDIO_DEVICE_OUT_WIRED_HEADSET)
  Input device: 0 (AUDIO_DEVICE_NONE)
  Audio source: 0 (default)
  Normal frame count: 3840
  Last write occurred (msecs): 14
  Total writes: 332
  Delayed writes: 0
  Blocked in write: yes
  Suspend count: 0
  Sink buffer : 0xf00ef000
  Mixer buffer: 0xf0b9b000
  Effect buffer: 0xf00f6000
  Fast track availMask=0xfe
  Standby delay ns=1000000000
  AudioStreamOut: 0xf20ada40 flags 0x1 (AUDIO_OUTPUT_FLAG_DIRECT)
  Frames written: 1274880
  Suspended frames: 0
  Hal stream dump:
  Stream volumes in dB: 0:-10, 1:-36, 2:-36, 3:-inf, 4:-36, 5:-36, 6:-inf, 7:-36, 8:-21, 9:-96, 10:-58, 11:0, 12:0
  Normal mixer raw underrun counters: partial=0 empty=0
  1 Tracks of which 1 are active
    T Name Active Client Session S  Flags   Format Chn mask  SRate ST  L dB  R dB  VS dB   Server FrmCnt  FrmRdy F Underruns  Flushed Main Buf  Aux Buf
         0    yes   7202      17 A  0x000 00000006 00000003  96000  3     0     0     0  00138300   7872    7872 A         0        0 F00EF000 00000000
  0 Effect Chains
  Local log:
   02-14 09:38:54.848 CFG_EVENT_CREATE_AUDIO_PATCH: old device 0x4 (AUDIO_DEVICE_OUT_WIRED_HEADSET) new device 0x4 (AUDIO_DEVICE_OUT_WIRED_HEADSET)
   02-14 09:38:54.854 AT::add       (0xf20f3180)      0     no   7202      17 A  0x000 00000006 00000003  96000  3     0     0     0  00000000   7872       0 f         0        0 F00EF000 00000000

USB audio module:
  No output streams.

  No input streams.

Reroute submix audio module:
 route[0] rate in=0 out=0, addr=[]
 route[1] rate in=0 out=0, addr=[]
 route[2] rate in=0 out=0, addr=[]
 route[3] rate in=0 out=0, addr=[]
 route[4] rate in=0 out=0, addr=[]
 route[5] rate in=0 out=0, addr=[]
 route[6] rate in=0 out=0, addr=[]
 route[7] rate in=0 out=0, addr=[]
 route[8] rate in=0 out=0, addr=[]
 route[9] rate in=48000 out=48000, addr=[]
